Determining if the Q_WS_WIN exist failed with the following output:
Change Dir: /home/mercedes/robocomp/components/robocomp-ursus/components/visualik/src/CMakeFiles/CMakeTmp

Run Build Command:/usr/bin/make "cmTryCompileExec3817055213/fast"
/usr/bin/make -f CMakeFiles/cmTryCompileExec3817055213.dir/build.make CMakeFiles/cmTryCompileExec3817055213.dir/build
make[1]: Entering directory '/home/mercedes/robocomp/components/robocomp-ursus/components/visualik/src/CMakeFiles/CMakeTmp'
/usr/bin/cmake -E cmake_progress_report /home/mercedes/robocomp/components/robocomp-ursus/components/visualik/src/CMakeFiles/CMakeTmp/CMakeFiles 1
Building CXX object CMakeFiles/cmTryCompileExec3817055213.dir/CheckSymbolExists.cxx.o
/usr/bin/c++    -I/usr/include/qt4    -o CMakeFiles/cmTryCompileExec3817055213.dir/CheckSymbolExists.cxx.o -c /home/mercedes/robocomp/components/robocomp-ursus/components/visualik/src/CMakeFiles/CMakeTmp/CheckSymbolExists.cxx
/home/mercedes/robocomp/components/robocomp-ursus/components/visualik/src/CMakeFiles/CMakeTmp/CheckSymbolExists.cxx: In function ‘int main(int, char**)’:
/home/mercedes/robocomp/components/robocomp-ursus/components/visualik/src/CMakeFiles/CMakeTmp/CheckSymbolExists.cxx:8:19: error: ‘Q_WS_WIN’ was not declared in this scope
   return ((int*)(&Q_WS_WIN))[argc];
                   ^
CMakeFiles/cmTryCompileExec3817055213.dir/build.make:60: recipe for target 'CMakeFiles/cmTryCompileExec3817055213.dir/CheckSymbolExists.cxx.o' failed
make[1]: Leaving directory '/home/mercedes/robocomp/components/robocomp-ursus/components/visualik/src/CMakeFiles/CMakeTmp'
make[1]: *** [CMakeFiles/cmTryCompileExec3817055213.dir/CheckSymbolExists.cxx.o] Error 1
Makefile:117: recipe for target 'cmTryCompileExec3817055213/fast' failed
make: *** [cmTryCompileExec3817055213/fast] Error 2

File /home/mercedes/robocomp/components/robocomp-ursus/components/visualik/src/CMakeFiles/CMakeTmp/CheckSymbolExists.cxx:
/* */
#include <QtCore/qglobal.h>

int main(int argc, char** argv)
{
  (void)argv;
#ifndef Q_WS_WIN
  return ((int*)(&Q_WS_WIN))[argc];
#else
  (void)argc;
  return 0;
#endif
}

Determining if the Q_WS_QWS exist failed with the following output:
Change Dir: /home/mercedes/robocomp/components/robocomp-ursus/components/visualik/src/CMakeFiles/CMakeTmp

Run Build Command:/usr/bin/make "cmTryCompileExec3071398754/fast"
/usr/bin/make -f CMakeFiles/cmTryCompileExec3071398754.dir/build.make CMakeFiles/cmTryCompileExec3071398754.dir/build
make[1]: Entering directory '/home/mercedes/robocomp/components/robocomp-ursus/components/visualik/src/CMakeFiles/CMakeTmp'
/usr/bin/cmake -E cmake_progress_report /home/mercedes/robocomp/components/robocomp-ursus/components/visualik/src/CMakeFiles/CMakeTmp/CMakeFiles 1
Building CXX object CMakeFiles/cmTryCompileExec3071398754.dir/CheckSymbolExists.cxx.o
/usr/bin/c++    -I/usr/include/qt4    -o CMakeFiles/cmTryCompileExec3071398754.dir/CheckSymbolExists.cxx.o -c /home/mercedes/robocomp/components/robocomp-ursus/components/visualik/src/CMakeFiles/CMakeTmp/CheckSymbolExists.cxx
/home/mercedes/robocomp/components/robocomp-ursus/components/visualik/src/CMakeFiles/CMakeTmp/CheckSymbolExists.cxx: In function ‘int main(int, char**)’:
/home/mercedes/robocomp/components/robocomp-ursus/components/visualik/src/CMakeFiles/CMakeTmp/CheckSymbolExists.cxx:8:19: error: ‘Q_WS_QWS’ was not declared in this scope
   return ((int*)(&Q_WS_QWS))[argc];
                   ^
CMakeFiles/cmTryCompileExec3071398754.dir/build.make:60: recipe for target 'CMakeFiles/cmTryCompileExec3071398754.dir/CheckSymbolExists.cxx.o' failed
make[1]: Leaving directory '/home/mercedes/robocomp/components/robocomp-ursus/components/visualik/src/CMakeFiles/CMakeTmp'
make[1]: *** [CMakeFiles/cmTryCompileExec3071398754.dir/CheckSymbolExists.cxx.o] Error 1
Makefile:117: recipe for target 'cmTryCompileExec3071398754/fast' failed
make: *** [cmTryCompileExec3071398754/fast] Error 2

File /home/mercedes/robocomp/components/robocomp-ursus/components/visualik/src/CMakeFiles/CMakeTmp/CheckSymbolExists.cxx:
/* */
#include <QtCore/qglobal.h>

int main(int argc, char** argv)
{
  (void)argv;
#ifndef Q_WS_QWS
  return ((int*)(&Q_WS_QWS))[argc];
#else
  (void)argc;
  return 0;
#endif
}

Determining if the Q_WS_MAC exist failed with the following output:
Change Dir: /home/mercedes/robocomp/components/robocomp-ursus/components/visualik/src/CMakeFiles/CMakeTmp

Run Build Command:/usr/bin/make "cmTryCompileExec364803071/fast"
/usr/bin/make -f CMakeFiles/cmTryCompileExec364803071.dir/build.make CMakeFiles/cmTryCompileExec364803071.dir/build
make[1]: Entering directory '/home/mercedes/robocomp/components/robocomp-ursus/components/visualik/src/CMakeFiles/CMakeTmp'
/usr/bin/cmake -E cmake_progress_report /home/mercedes/robocomp/components/robocomp-ursus/components/visualik/src/CMakeFiles/CMakeTmp/CMakeFiles 1
Building CXX object CMakeFiles/cmTryCompileExec364803071.dir/CheckSymbolExists.cxx.o
/usr/bin/c++    -I/usr/include/qt4    -o CMakeFiles/cmTryCompileExec364803071.dir/CheckSymbolExists.cxx.o -c /home/mercedes/robocomp/components/robocomp-ursus/components/visualik/src/CMakeFiles/CMakeTmp/CheckSymbolExists.cxx
/home/mercedes/robocomp/components/robocomp-ursus/components/visualik/src/CMakeFiles/CMakeTmp/CheckSymbolExists.cxx: In function ‘int main(int, char**)’:
/home/mercedes/robocomp/components/robocomp-ursus/components/visualik/src/CMakeFiles/CMakeTmp/CheckSymbolExists.cxx:8:19: error: ‘Q_WS_MAC’ was not declared in this scope
   return ((int*)(&Q_WS_MAC))[argc];
                   ^
CMakeFiles/cmTryCompileExec364803071.dir/build.make:60: recipe for target 'CMakeFiles/cmTryCompileExec364803071.dir/CheckSymbolExists.cxx.o' failed
make[1]: Leaving directory '/home/mercedes/robocomp/components/robocomp-ursus/components/visualik/src/CMakeFiles/CMakeTmp'
make[1]: *** [CMakeFiles/cmTryCompileExec364803071.dir/CheckSymbolExists.cxx.o] Error 1
Makefile:117: recipe for target 'cmTryCompileExec364803071/fast' failed
make: *** [cmTryCompileExec364803071/fast] Error 2

File /home/mercedes/robocomp/components/robocomp-ursus/components/visualik/src/CMakeFiles/CMakeTmp/CheckSymbolExists.cxx:
/* */
#include <QtCore/qglobal.h>

int main(int argc, char** argv)
{
  (void)argv;
#ifndef Q_WS_MAC
  return ((int*)(&Q_WS_MAC))[argc];
#else
  (void)argc;
  return 0;
#endif
}

